<?xml version="1.0" encoding="UTF-8" ?>
<testsuite tests="7" failures="3" name="TestSuite" time="53.069" errors="0" skipped="0">
  <properties>
    <property name="JOB_NAME" value="GenieTestJob"/>
    <property name="java.vendor" value="Oracle Corporation"/>
    <property name="sun.java.launcher" value="SUN_STANDARD"/>
    <property name="RUN_TESTS_DISPLAY_URL" value="http://localhost:8080/job/GenieTestJob/7/display/redirect?page=tests"/>
    <property name="NUMBER_OF_PROCESSORS" value="8"/>
    <property name="sun.management.compiler" value="HotSpot 64-Bit Tiered Compilers"/>
    <property name="JENKINS_HOME" value="C:\Users\Mutharasan\.jenkins"/>
    <property name="HUDSON_SERVER_COOKIE" value="993de3f6ced88bc5"/>
    <property name="POM_ARTIFACTID" value="GenieTestDev"/>
    <property name="os.name" value="Windows 10"/>
    <property name="RegionCode" value="APJ"/>
    <property name="EXECUTOR_NUMBER" value="0"/>
    <property name="sun.desktop" value="windows"/>
    <property name="PATHEXT" value=".COM;.EXE;.BAT;.CMD;.VBS;.VBE;.JS;.JSE;.WSF;.WSH;.MSC"/>
    <property name="POM_DISPLAYNAME" value="GenieTestDev"/>
    <property name="java.vm.specification.vendor" value="Oracle Corporation"/>
    <property name="TEMP" value="C:\Users\MUTHAR~1\AppData\Local\Temp"/>
    <property name="NODE_LABELS" value="built-in"/>
    <property name="java.runtime.version" value="11.0.10+8-LTS-162"/>
    <property name="user.name" value="Mutharasan"/>
    <property name="guice.disable.misplaced.annotation.check" value="true"/>
    <property name="CommonProgramW6432" value="C:\Program Files\Common Files"/>
    <property name="ProgramFiles" value="C:\Program Files"/>
    <property name="OnlineServices" value="Online Services"/>
    <property name="PROMPT" value="$P$G"/>
    <property name="user.language" value="en"/>
    <property name="JOB_BASE_NAME" value="GenieTestJob"/>
    <property name="RUN_CHANGES_DISPLAY_URL" value="http://localhost:8080/job/GenieTestJob/7/display/redirect?page=changes"/>
    <property name="BUILD_DISPLAY_NAME" value="#7"/>
    <property name="OneDrive" value="C:\Users\Mutharasan\OneDrive"/>
    <property name="sun.boot.library.path" value="C:\Program Files\Java\jdk-11.0.10\bin"/>
    <property name="java.vm.compressedOopsMode" value="32-bit"/>
    <property name="LOCALAPPDATA" value="C:\Users\Mutharasan\AppData\Local"/>
    <property name="java.version" value="11.0.10"/>
    <property name="user.timezone" value="America/New_York"/>
    <property name="PROCESSOR_LEVEL" value="6"/>
    <property name="USERNAME" value="Mutharasan"/>
    <property name="sun.arch.data.model" value="64"/>
    <property name="NODE_NAME" value="built-in"/>
    <property name="OneDriveConsumer" value="C:\Users\Mutharasan\OneDrive"/>
    <property name="BUILD_ID" value="7"/>
    <property name="sun.cpu.isalist" value="amd64"/>
    <property name="sun.jnu.encoding" value="Cp1252"/>
    <property name="maven.conf" value="C:\Users\Mutharasan\.jenkins\tools\hudson.tasks.Maven_MavenInstallation\TestMaven\conf"/>
    <property name="HOMEDRIVE" value="C:"/>
    <property name="file.separator" value="\"/>
    <property name="java.specification.name" value="Java Platform API Specification"/>
    <property name="java.class.version" value="55.0"/>
    <property name="org.slf4j.simpleLogger.defaultLogLevel" value="info"/>
    <property name="user.country" value="US"/>
    <property name="ALLUSERSPROFILE" value="C:\ProgramData"/>
    <property name="java.home" value="C:\Program Files\Java\jdk-11.0.10"/>
    <property name="java.vm.info" value="mixed mode"/>
    <property name="os.version" value="10.0"/>
    <property name="platformcode" value="KV"/>
    <property name="RUN_DISPLAY_URL" value="http://localhost:8080/job/GenieTestJob/7/display/redirect"/>
    <property name="POM_VERSION" value="0.0.1-SNAPSHOT"/>
    <property name="TMP" value="C:\Users\MUTHAR~1\AppData\Local\Temp"/>
    <property name="path.separator" value=";"/>
    <property name="RUN_ARTIFACTS_DISPLAY_URL" value="http://localhost:8080/job/GenieTestJob/7/display/redirect?page=artifacts"/>
    <property name="java.vm.version" value="11.0.10+8-LTS-162"/>
    <property name="user.variant" value=""/>
    <property name="CommonProgramFiles(x86)" value="C:\Program Files (x86)\Common Files"/>
    <property name="JOB_DISPLAY_URL" value="http://localhost:8080/job/GenieTestJob/display/redirect"/>
    <property name="USERDOMAIN_ROAMINGPROFILE" value="LAPTOP-0K684P64"/>
    <property name="java.awt.printerjob" value="sun.awt.windows.WPrinterJob"/>
    <property name="CommonProgramFiles" value="C:\Program Files\Common Files"/>
    <property name="sun.io.unicode.encoding" value="UnicodeLittle"/>
    <property name="ComSpec" value="C:\windows\system32\cmd.exe"/>
    <property name="HOMEPATH" value="\Users\Mutharasan"/>
    <property name="awt.toolkit" value="sun.awt.windows.WToolkit"/>
    <property name="POM_PACKAGING" value="jar"/>
    <property name="COMPUTERNAME" value="LAPTOP-0K684P64"/>
    <property name="user.script" value=""/>
    <property name="POM_GROUPID" value="GenieTestDevAutomation"/>
    <property name="user.home" value="C:\Users\Mutharasan"/>
    <property name="PUBLIC" value="C:\Users\Public"/>
    <property name="BUILD_TAG" value="jenkins-GenieTestJob-7"/>
    <property name="JENKINS_SERVER_COOKIE" value="993de3f6ced88bc5"/>
    <property name="HUDSON_URL" value="http://localhost:8080/"/>
    <property name="ProgramData" value="C:\ProgramData"/>
    <property name="java.version.date" value="2021-01-19"/>
    <property name="java.specification.vendor" value="Oracle Corporation"/>
    <property name="USERPROFILE" value="C:\Users\Mutharasan"/>
    <property name="CLASSPATH" value=""/>
    <property name="java.library.path" value="C:\Program Files\Java\jdk-11.0.10\bin;C:\windows\Sun\Java\bin;C:\windows\system32;C:\windows;C:\Users\Mutharasan\.jenkins\tools\hudson.tasks.Maven_MavenInstallation\TestMaven/bin;C:\Program Files\Common Files\Oracle\Java\javapath;C:\windows\system32;C:\windows;C:\windows\System32\Wbem;C:\windows\System32\WindowsPowerShell\v1.0\;C:\windows\System32\OpenSSH\;C:\Program Files\Java\jdk-16.0.1\bin;C:\Program Files\Git\cmd;C:\Program Files\PuTTY\;C:\xampp\php;C:\ProgramData\ComposerSetup\bin;C:\Program Files\nodejs\;C:\Users\Mutharasan\AppData\Local\Microsoft\WindowsApps;C:\Users\Mutharasan\AppData\Local\Programs\Microsoft VS Code\bin;C:\Users\Mutharasan\AppData\Roaming\Composer\vendor\bin;C:\Users\Mutharasan\AppData\Roaming\npm;."/>
    <property name="java.vendor.url" value="https://openjdk.java.net/"/>
    <property name="java.vm.vendor" value="Oracle Corporation"/>
    <property name="APPDATA" value="C:\Users\Mutharasan\AppData\Roaming"/>
    <property name="ZES_ENABLE_SYSMAN" value="1"/>
    <property name="java.runtime.name" value="Java(TM) SE Runtime Environment"/>
    <property name="maven.home" value="C:\Users\Mutharasan\.jenkins\tools\hudson.tasks.Maven_MavenInstallation\TestMaven"/>
    <property name="java.class.path" value="C:\Users\Mutharasan\.jenkins\plugins\maven-plugin\WEB-INF\lib\maven35-agent-1.13.jar;C:\Users\Mutharasan\.jenkins\tools\hudson.tasks.Maven_MavenInstallation\TestMaven\boot\plexus-classworlds-2.6.0.jar;C:\Users\Mutharasan\.jenkins\tools\hudson.tasks.Maven_MavenInstallation\TestMaven/conf/logging"/>
    <property name="sun.java.command" value="jenkins.maven3.agent.Maven35Main C:\Users\Mutharasan\.jenkins\tools\hudson.tasks.Maven_MavenInstallation\TestMaven C:\Users\Mutharasan\.jenkins\war\WEB-INF\lib\remoting-4.10.jar C:\Users\Mutharasan\.jenkins\plugins\maven-plugin\WEB-INF\lib\maven35-interceptor-1.13.jar C:\Users\Mutharasan\.jenkins\plugins\maven-plugin\WEB-INF\lib\maven3-interceptor-commons-1.13.jar 50843"/>
    <property name="Path" value="C:\Program Files\Common Files\Oracle\Java\javapath;C:\windows\system32;C:\windows;C:\windows\System32\Wbem;C:\windows\System32\WindowsPowerShell\v1.0\;C:\windows\System32\OpenSSH\;C:\Program Files\Java\jdk-16.0.1\bin;C:\Program Files\Git\cmd;C:\Program Files\PuTTY\;C:\xampp\php;C:\ProgramData\ComposerSetup\bin;C:\Program Files\nodejs\;C:\Users\Mutharasan\AppData\Local\Microsoft\WindowsApps;C:\Users\Mutharasan\AppData\Local\Programs\Microsoft VS Code\bin;C:\Users\Mutharasan\AppData\Roaming\Composer\vendor\bin;C:\Users\Mutharasan\AppData\Roaming\npm"/>
    <property name="jdk.debug" value="release"/>
    <property name="PROCESSOR_ARCHITECTURE" value="AMD64"/>
    <property name="java.vm.specification.name" value="Java Virtual Machine Specification"/>
    <property name="jansi.mode" value="strip"/>
    <property name="PROCESSOR_IDENTIFIER" value="Intel64 Family 6 Model 140 Stepping 1, GenuineIntel"/>
    <property name="java.vm.specification.version" value="11"/>
    <property name="M2_HOME" value="C:\Users\Mutharasan\.jenkins\tools\hudson.tasks.Maven_MavenInstallation\TestMaven"/>
    <property name="sun.cpu.endian" value="little"/>
    <property name="sun.os.patch.level" value=""/>
    <property name="OS" value="Windows_NT"/>
    <property name="CI" value="true"/>
    <property name="java.io.tmpdir" value="C:\Users\MUTHAR~1\AppData\Local\Temp\"/>
    <property name="HUDSON_HOME" value="C:\Users\Mutharasan\.jenkins"/>
    <property name="PATH+MAVEN" value="C:\Users\Mutharasan\.jenkins\tools\hudson.tasks.Maven_MavenInstallation\TestMaven/bin"/>
    <property name="ProgramFiles(x86)" value="C:\Program Files (x86)"/>
    <property name="java.vendor.url.bug" value="https://bugreport.java.com/bugreport/"/>
    <property name="BUILD_URL" value="http://localhost:8080/job/GenieTestJob/7/"/>
    <property name="SystemRoot" value="C:\windows"/>
    <property name="os.arch" value="amd64"/>
    <property name="java.awt.graphicsenv" value="sun.awt.Win32GraphicsEnvironment"/>
    <property name="user.dir" value="C:\Users\Mutharasan\eclipse-workspace\GenieTestDev"/>
    <property name="JOB_URL" value="http://localhost:8080/job/GenieTestJob/"/>
    <property name="LOGONSERVER" value="\\LAPTOP-0K684P64"/>
    <property name="USERDOMAIN" value="LAPTOP-0K684P64"/>
    <property name="MAVEN_HOME" value="C:\Users\Mutharasan\.jenkins\tools\hudson.tasks.Maven_MavenInstallation\TestMaven"/>
    <property name="line.separator" value="
"/>
    <property name="java.vm.name" value="Java HotSpot(TM) 64-Bit Server VM"/>
    <property name="BUILD_NUMBER" value="7"/>
    <property name="PROCESSOR_REVISION" value="8c01"/>
    <property name="JENKINS_URL" value="http://localhost:8080/"/>
    <property name="ProgramW6432" value="C:\Program Files"/>
    <property name="windir" value="C:\windows"/>
    <property name="=C:" value="C:\Program Files\Jenkins"/>
    <property name="file.encoding" value="Cp1252"/>
    <property name="SystemDrive" value="C:"/>
    <property name="maven3.interceptor" value="C:\Users\Mutharasan\.jenkins\plugins\maven-plugin\WEB-INF\lib\maven35-interceptor-1.13.jar"/>
    <property name="WORKSPACE_TMP" value="C:\Users\Mutharasan\.jenkins\workspace\GenieTestJob@tmp"/>
    <property name="WORKSPACE" value="C:\Users\Mutharasan\.jenkins\workspace\GenieTestJob"/>
    <property name="maven3.interceptor.common" value="C:\Users\Mutharasan\.jenkins\plugins\maven-plugin\WEB-INF\lib\maven3-interceptor-commons-1.13.jar"/>
    <property name="PSModulePath" value="C:\Program Files\WindowsPowerShell\Modules;C:\windows\system32\WindowsPowerShell\v1.0\Modules"/>
    <property name="java.specification.version" value="11"/>
    <property name="DriverData" value="C:\Windows\System32\Drivers\DriverData"/>
    <property name="java.vendor.version" value="18.9"/>
  </properties>
  <testcase classname="com.genie.qa.testcases.HomePageTest" name="ClickOnUserLink" time="2.446"/>
  <testcase classname="com.genie.qa.testcases.HomePageTest" name="ValidateHomePageTitle" time="0.01">
    <failure message="Title Mismatch expected [Home - Genie] but found [Genie]" type="java.lang.AssertionError">java.lang.AssertionError: Title Mismatch expected [Home - Genie] but found [Genie]
	at org.testng.Assert.fail(Assert.java:93)
	at org.testng.Assert.failNotEquals(Assert.java:512)
	at org.testng.Assert.assertEqualsImpl(Assert.java:134)
	at org.testng.Assert.assertEquals(Assert.java:115)
	at org.testng.Assert.assertEquals(Assert.java:189)
	at com.genie.qa.testcases.HomePageTest.ValidateHomePageTitle(HomePageTest.java:39)
</failure>
    <system-out>Before navigating to: &apos;https://use.estdev.cloud/login&apos;
Navigated to:&apos;https://use.estdev.cloud/login&apos;
Trying to find Element By : By.id: email
Found Element By : By.id: email
Trying to find Element By : By.id: password
Found Element By : By.id: password
Trying to find Element By : By.id: btnLogin
Found Element By : By.id: btnLogin
Trying to click on: [[ChromeDriver: chrome on WINDOWS (a13aab8b94c7339e24e5cf42bf729b2b)] -&gt; id: btnLogin]
Clicked on: [[ChromeDriver: chrome on WINDOWS (a13aab8b94c7339e24e5cf42bf729b2b)] -&gt; id: btnLogin]
</system-out>
    <system-err>Starting ChromeDriver 94.0.4606.61 (418b78f5838ed0b1c69bb4e51ea0252171854915-refs/branch-heads/4606@{#1204}) on port 23017
Only local connections are allowed.
Please see https://chromedriver.chromium.org/security-considerations for suggestions on keeping ChromeDriver safe.
ChromeDriver was started successfully.
Sep 29, 2021 2:18:31 PM org.openqa.selenium.remote.ProtocolHandshake createSession
INFO: Detected dialect: W3C
</system-err>
  </testcase>
  <testcase classname="com.genie.qa.testcases.HomePageTest" name="ValidateLoggedUser" time="0.281"/>
  <testcase classname="com.genie.qa.testcases.UserPageTest" name="CreateNewUser" time="23.974">
    <failure message="no such element: Unable to locate element: {&quot;method&quot;:&quot;xpath&quot;,&quot;selector&quot;:&quot;//b[contains(text(),&apos;Samiksha12&apos;)]&quot;}
  (Session info: chrome=94.0.4606.61)
For documentation on this error, please visit: https://www.seleniumhq.org/exceptions/no_such_element.html
Build info: version: &apos;3.141.59&apos;, revision: &apos;e82be7d358&apos;, time: &apos;2018-11-14T08:17:03&apos;
System info: host: &apos;LAPTOP-0K684P64&apos;, ip: &apos;192.168.1.5&apos;, os.name: &apos;Windows 10&apos;, os.arch: &apos;amd64&apos;, os.version: &apos;10.0&apos;, java.version: &apos;11.0.10&apos;
Driver info: org.openqa.selenium.chrome.ChromeDriver
Capabilities {acceptInsecureCerts: false, browserName: chrome, browserVersion: 94.0.4606.61, chrome: {chromedriverVersion: 94.0.4606.61 (418b78f5838ed..., userDataDir: C:\Users\MUTHAR~1\AppData\L...}, goog:chromeOptions: {debuggerAddress: localhost:57518}, javascriptEnabled: true, networkConnectionEnabled: false, pageLoadStrategy: normal, platform: WINDOWS, platformName: WINDOWS, proxy: Proxy(), setWindowRect: true, strictFileInteractability: false, timeouts: {implicit: 0, pageLoad: 300000, script: 30000}, unhandledPromptBehavior: dismiss and notify, webauthn:extension:credBlob: true, webauthn:extension:largeBlob: true, webauthn:virtualAuthenticators: true}
Session ID: 0eba496e18d3d3668f585403cd17038c
*** Element info: {Using=xpath, value=//b[contains(text(),&apos;Samiksha12&apos;)]}" type="org.openqa.selenium.NoSuchElementException">org.openqa.selenium.NoSuchElementException: no such element: Unable to locate element: {&quot;method&quot;:&quot;xpath&quot;,&quot;selector&quot;:&quot;//b[contains(text(),&apos;Samiksha12&apos;)]&quot;}
  (Session info: chrome=94.0.4606.61)
For documentation on this error, please visit: https://www.seleniumhq.org/exceptions/no_such_element.html
Build info: version: &apos;3.141.59&apos;, revision: &apos;e82be7d358&apos;, time: &apos;2018-11-14T08:17:03&apos;
System info: host: &apos;LAPTOP-0K684P64&apos;, ip: &apos;192.168.1.5&apos;, os.name: &apos;Windows 10&apos;, os.arch: &apos;amd64&apos;, os.version: &apos;10.0&apos;, java.version: &apos;11.0.10&apos;
Driver info: org.openqa.selenium.chrome.ChromeDriver
Capabilities {acceptInsecureCerts: false, browserName: chrome, browserVersion: 94.0.4606.61, chrome: {chromedriverVersion: 94.0.4606.61 (418b78f5838ed..., userDataDir: C:\Users\MUTHAR~1\AppData\L...}, goog:chromeOptions: {debuggerAddress: localhost:57518}, javascriptEnabled: true, networkConnectionEnabled: false, pageLoadStrategy: normal, platform: WINDOWS, platformName: WINDOWS, proxy: Proxy(), setWindowRect: true, strictFileInteractability: false, timeouts: {implicit: 0, pageLoad: 300000, script: 30000}, unhandledPromptBehavior: dismiss and notify, webauthn:extension:credBlob: true, webauthn:extension:largeBlob: true, webauthn:virtualAuthenticators: true}
Session ID: 0eba496e18d3d3668f585403cd17038c
*** Element info: {Using=xpath, value=//b[contains(text(),&apos;Samiksha12&apos;)]}
	at java.base/jdk.internal.reflect.NativeConstructorAccessorImpl.newInstance0(Native Method)
	at java.base/jdk.internal.reflect.NativeConstructorAccessorImpl.newInstance(NativeConstructorAccessorImpl.java:62)
	at java.base/jdk.internal.reflect.DelegatingConstructorAccessorImpl.newInstance(DelegatingConstructorAccessorImpl.java:45)
	at java.base/java.lang.reflect.Constructor.newInstance(Constructor.java:490)
	at org.openqa.selenium.remote.http.W3CHttpResponseCodec.createException(W3CHttpResponseCodec.java:187)
	at org.openqa.selenium.remote.http.W3CHttpResponseCodec.decode(W3CHttpResponseCodec.java:122)
	at org.openqa.selenium.remote.http.W3CHttpResponseCodec.decode(W3CHttpResponseCodec.java:49)
	at org.openqa.selenium.remote.HttpCommandExecutor.execute(HttpCommandExecutor.java:158)
	at org.openqa.selenium.remote.service.DriverCommandExecutor.execute(DriverCommandExecutor.java:83)
	at org.openqa.selenium.remote.RemoteWebDriver.execute(RemoteWebDriver.java:552)
	at org.openqa.selenium.remote.RemoteWebDriver.findElement(RemoteWebDriver.java:323)
	at org.openqa.selenium.remote.RemoteWebDriver.findElementByXPath(RemoteWebDriver.java:428)
	at org.openqa.selenium.By$ByXPath.findElement(By.java:353)
	at org.openqa.selenium.remote.RemoteWebDriver.findElement(RemoteWebDriver.java:315)
	at jdk.internal.reflect.GeneratedMethodAccessor4.invoke(Unknown Source)
	at java.base/jdk.internal.reflect.DelegatingMethodAccessorImpl.invoke(DelegatingMethodAccessorImpl.java:43)
	at java.base/java.lang.reflect.Method.invoke(Method.java:566)
	at org.openqa.selenium.support.events.EventFiringWebDriver.lambda$new$1(EventFiringWebDriver.java:105)
	at com.sun.proxy.$Proxy8.findElement(Unknown Source)
	at org.openqa.selenium.support.events.EventFiringWebDriver.findElement(EventFiringWebDriver.java:194)
	at com.genie.qa.testcases.UserPageTest.CreateNewUser(UserPageTest.java:68)
</failure>
    <system-out>Before navigating to: &apos;https://use.estdev.cloud/login&apos;
Navigated to:&apos;https://use.estdev.cloud/login&apos;
Trying to find Element By : By.id: email
Found Element By : By.id: email
Trying to find Element By : By.id: password
Found Element By : By.id: password
Trying to find Element By : By.id: btnLogin
Found Element By : By.id: btnLogin
Trying to click on: [[ChromeDriver: chrome on WINDOWS (0eba496e18d3d3668f585403cd17038c)] -&gt; id: btnLogin]
Clicked on: [[ChromeDriver: chrome on WINDOWS (0eba496e18d3d3668f585403cd17038c)] -&gt; id: btnLogin]
Trying to find Element By : By.xpath: //body/div[@id=&apos;app&apos;]/div[1]/div[1]/div[1]/ul[1]/div[1]/li[7]/div[1]/a[1]
Found Element By : By.xpath: //body/div[@id=&apos;app&apos;]/div[1]/div[1]/div[1]/ul[1]/div[1]/li[7]/div[1]/a[1]
Trying to click on: [[ChromeDriver: chrome on WINDOWS (0eba496e18d3d3668f585403cd17038c)] -&gt; xpath: //body/div[@id=&apos;app&apos;]/div[1]/div[1]/div[1]/ul[1]/div[1]/li[7]/div[1]/a[1]]
Clicked on: [[ChromeDriver: chrome on WINDOWS (0eba496e18d3d3668f585403cd17038c)] -&gt; xpath: //body/div[@id=&apos;app&apos;]/div[1]/div[1]/div[1]/ul[1]/div[1]/li[7]/div[1]/a[1]]
Trying to find Element By : By.xpath: //a[text()=&apos;User &apos;]
Found Element By : By.xpath: //a[text()=&apos;User &apos;]
Trying to click on: [[ChromeDriver: chrome on WINDOWS (0eba496e18d3d3668f585403cd17038c)] -&gt; xpath: //a[text()=&apos;User &apos;]]
Clicked on: [[ChromeDriver: chrome on WINDOWS (0eba496e18d3d3668f585403cd17038c)] -&gt; xpath: //a[text()=&apos;User &apos;]]
Trying to find Element By : By.xpath: //button[@id=&apos;btnNewUser&apos;]
Found Element By : By.xpath: //button[@id=&apos;btnNewUser&apos;]
Trying to click on: [[ChromeDriver: chrome on WINDOWS (0eba496e18d3d3668f585403cd17038c)] -&gt; xpath: //button[@id=&apos;btnNewUser&apos;]]
Clicked on: [[ChromeDriver: chrome on WINDOWS (0eba496e18d3d3668f585403cd17038c)] -&gt; xpath: //button[@id=&apos;btnNewUser&apos;]]
Trying to find Element By : By.xpath: //input[@id=&apos;fname&apos;]
Found Element By : By.xpath: //input[@id=&apos;fname&apos;]
Trying to find Element By : By.xpath: //input[@id=&apos;lname&apos;]
Found Element By : By.xpath: //input[@id=&apos;lname&apos;]
Trying to find Element By : By.xpath: //input[@id=&apos;email&apos;]
Found Element By : By.xpath: //input[@id=&apos;email&apos;]
Trying to find Element By : By.xpath: //input[@id=&apos;phone_number&apos;]
Found Element By : By.xpath: //input[@id=&apos;phone_number&apos;]
Trying to find Element By : By.xpath: //select[@id=&apos;selectCompanyUser&apos;]
Found Element By : By.xpath: //select[@id=&apos;selectCompanyUser&apos;]
Trying to click on: [[ChromeDriver: chrome on WINDOWS (0eba496e18d3d3668f585403cd17038c)] -&gt; xpath: //select[@id=&apos;selectCompanyUser&apos;]]
Clicked on: [[ChromeDriver: chrome on WINDOWS (0eba496e18d3d3668f585403cd17038c)] -&gt; xpath: //select[@id=&apos;selectCompanyUser&apos;]]
Trying to find Element By : By.xpath: //select[@id=&apos;selectCompanyUser&apos;]//option[text()=&quot;Est&apos;s  Firm(test)&quot;]
Found Element By : By.xpath: //select[@id=&apos;selectCompanyUser&apos;]//option[text()=&quot;Est&apos;s  Firm(test)&quot;]
Trying to click on: [[ChromeDriver: chrome on WINDOWS (0eba496e18d3d3668f585403cd17038c)] -&gt; xpath: //select[@id=&apos;selectCompanyUser&apos;]//option[text()=&quot;Est&apos;s  Firm(test)&quot;]]
Clicked on: [[ChromeDriver: chrome on WINDOWS (0eba496e18d3d3668f585403cd17038c)] -&gt; xpath: //select[@id=&apos;selectCompanyUser&apos;]//option[text()=&quot;Est&apos;s  Firm(test)&quot;]]
Trying to find Element By : By.xpath: //label[contains(text(),&apos;Firm User&apos;)]
Found Element By : By.xpath: //label[contains(text(),&apos;Firm User&apos;)]
Trying to click on: [[ChromeDriver: chrome on WINDOWS (0eba496e18d3d3668f585403cd17038c)] -&gt; xpath: //label[contains(text(),&apos;Firm User&apos;)]]
Clicked on: [[ChromeDriver: chrome on WINDOWS (0eba496e18d3d3668f585403cd17038c)] -&gt; xpath: //label[contains(text(),&apos;Firm User&apos;)]]
Trying to find Element By : By.xpath: //button[@id=&apos;saveNewUserId&apos;]
Found Element By : By.xpath: //button[@id=&apos;saveNewUserId&apos;]
Trying to click on: [[ChromeDriver: chrome on WINDOWS (0eba496e18d3d3668f585403cd17038c)] -&gt; xpath: //button[@id=&apos;saveNewUserId&apos;]]
Clicked on: [[ChromeDriver: chrome on WINDOWS (0eba496e18d3d3668f585403cd17038c)] -&gt; xpath: //button[@id=&apos;saveNewUserId&apos;]]
Trying to find Element By : By.xpath: //b[contains(text(),&apos;Samiksha12&apos;)]
Exception occured: org.openqa.selenium.NoSuchElementException: no such element: Unable to locate element: {&quot;method&quot;:&quot;xpath&quot;,&quot;selector&quot;:&quot;//b[contains(text(),&apos;Samiksha12&apos;)]&quot;}
  (Session info: chrome=94.0.4606.61)
For documentation on this error, please visit: https://www.seleniumhq.org/exceptions/no_such_element.html
Build info: version: &apos;3.141.59&apos;, revision: &apos;e82be7d358&apos;, time: &apos;2018-11-14T08:17:03&apos;
System info: host: &apos;LAPTOP-0K684P64&apos;, ip: &apos;192.168.1.5&apos;, os.name: &apos;Windows 10&apos;, os.arch: &apos;amd64&apos;, os.version: &apos;10.0&apos;, java.version: &apos;11.0.10&apos;
Driver info: org.openqa.selenium.chrome.ChromeDriver
Capabilities {acceptInsecureCerts: false, browserName: chrome, browserVersion: 94.0.4606.61, chrome: {chromedriverVersion: 94.0.4606.61 (418b78f5838ed..., userDataDir: C:\Users\MUTHAR~1\AppData\L...}, goog:chromeOptions: {debuggerAddress: localhost:57518}, javascriptEnabled: true, networkConnectionEnabled: false, pageLoadStrategy: normal, platform: WINDOWS, platformName: WINDOWS, proxy: Proxy(), setWindowRect: true, strictFileInteractability: false, timeouts: {implicit: 0, pageLoad: 300000, script: 30000}, unhandledPromptBehavior: dismiss and notify, webauthn:extension:credBlob: true, webauthn:extension:largeBlob: true, webauthn:virtualAuthenticators: true}
Session ID: 0eba496e18d3d3668f585403cd17038c
*** Element info: {Using=xpath, value=//b[contains(text(),&apos;Samiksha12&apos;)]}
</system-out>
    <system-err>Starting ChromeDriver 94.0.4606.61 (418b78f5838ed0b1c69bb4e51ea0252171854915-refs/branch-heads/4606@{#1204}) on port 24286
Only local connections are allowed.
Please see https://chromedriver.chromium.org/security-considerations for suggestions on keeping ChromeDriver safe.
ChromeDriver was started successfully.
Sep 29, 2021 2:18:40 PM org.openqa.selenium.remote.ProtocolHandshake createSession
INFO: Detected dialect: W3C
</system-err>
  </testcase>
  <testcase classname="com.genie.qa.testcases.UserPageTest" name="CreateNewUser" time="24.15">
    <failure message="no such element: Unable to locate element: {&quot;method&quot;:&quot;xpath&quot;,&quot;selector&quot;:&quot;//b[contains(text(),&apos;Sreenika12&apos;)]&quot;}
  (Session info: chrome=94.0.4606.61)
For documentation on this error, please visit: https://www.seleniumhq.org/exceptions/no_such_element.html
Build info: version: &apos;3.141.59&apos;, revision: &apos;e82be7d358&apos;, time: &apos;2018-11-14T08:17:03&apos;
System info: host: &apos;LAPTOP-0K684P64&apos;, ip: &apos;192.168.1.5&apos;, os.name: &apos;Windows 10&apos;, os.arch: &apos;amd64&apos;, os.version: &apos;10.0&apos;, java.version: &apos;11.0.10&apos;
Driver info: org.openqa.selenium.chrome.ChromeDriver
Capabilities {acceptInsecureCerts: false, browserName: chrome, browserVersion: 94.0.4606.61, chrome: {chromedriverVersion: 94.0.4606.61 (418b78f5838ed..., userDataDir: C:\Users\MUTHAR~1\AppData\L...}, goog:chromeOptions: {debuggerAddress: localhost:58071}, javascriptEnabled: true, networkConnectionEnabled: false, pageLoadStrategy: normal, platform: WINDOWS, platformName: WINDOWS, proxy: Proxy(), setWindowRect: true, strictFileInteractability: false, timeouts: {implicit: 0, pageLoad: 300000, script: 30000}, unhandledPromptBehavior: dismiss and notify, webauthn:extension:credBlob: true, webauthn:extension:largeBlob: true, webauthn:virtualAuthenticators: true}
Session ID: 7d2ca7117f5f476c6324bcb2008cc7ef
*** Element info: {Using=xpath, value=//b[contains(text(),&apos;Sreenika12&apos;)]}" type="org.openqa.selenium.NoSuchElementException">org.openqa.selenium.NoSuchElementException: no such element: Unable to locate element: {&quot;method&quot;:&quot;xpath&quot;,&quot;selector&quot;:&quot;//b[contains(text(),&apos;Sreenika12&apos;)]&quot;}
  (Session info: chrome=94.0.4606.61)
For documentation on this error, please visit: https://www.seleniumhq.org/exceptions/no_such_element.html
Build info: version: &apos;3.141.59&apos;, revision: &apos;e82be7d358&apos;, time: &apos;2018-11-14T08:17:03&apos;
System info: host: &apos;LAPTOP-0K684P64&apos;, ip: &apos;192.168.1.5&apos;, os.name: &apos;Windows 10&apos;, os.arch: &apos;amd64&apos;, os.version: &apos;10.0&apos;, java.version: &apos;11.0.10&apos;
Driver info: org.openqa.selenium.chrome.ChromeDriver
Capabilities {acceptInsecureCerts: false, browserName: chrome, browserVersion: 94.0.4606.61, chrome: {chromedriverVersion: 94.0.4606.61 (418b78f5838ed..., userDataDir: C:\Users\MUTHAR~1\AppData\L...}, goog:chromeOptions: {debuggerAddress: localhost:58071}, javascriptEnabled: true, networkConnectionEnabled: false, pageLoadStrategy: normal, platform: WINDOWS, platformName: WINDOWS, proxy: Proxy(), setWindowRect: true, strictFileInteractability: false, timeouts: {implicit: 0, pageLoad: 300000, script: 30000}, unhandledPromptBehavior: dismiss and notify, webauthn:extension:credBlob: true, webauthn:extension:largeBlob: true, webauthn:virtualAuthenticators: true}
Session ID: 7d2ca7117f5f476c6324bcb2008cc7ef
*** Element info: {Using=xpath, value=//b[contains(text(),&apos;Sreenika12&apos;)]}
	at java.base/jdk.internal.reflect.NativeConstructorAccessorImpl.newInstance0(Native Method)
	at java.base/jdk.internal.reflect.NativeConstructorAccessorImpl.newInstance(NativeConstructorAccessorImpl.java:62)
	at java.base/jdk.internal.reflect.DelegatingConstructorAccessorImpl.newInstance(DelegatingConstructorAccessorImpl.java:45)
	at java.base/java.lang.reflect.Constructor.newInstance(Constructor.java:490)
	at org.openqa.selenium.remote.http.W3CHttpResponseCodec.createException(W3CHttpResponseCodec.java:187)
	at org.openqa.selenium.remote.http.W3CHttpResponseCodec.decode(W3CHttpResponseCodec.java:122)
	at org.openqa.selenium.remote.http.W3CHttpResponseCodec.decode(W3CHttpResponseCodec.java:49)
	at org.openqa.selenium.remote.HttpCommandExecutor.execute(HttpCommandExecutor.java:158)
	at org.openqa.selenium.remote.service.DriverCommandExecutor.execute(DriverCommandExecutor.java:83)
	at org.openqa.selenium.remote.RemoteWebDriver.execute(RemoteWebDriver.java:552)
	at org.openqa.selenium.remote.RemoteWebDriver.findElement(RemoteWebDriver.java:323)
	at org.openqa.selenium.remote.RemoteWebDriver.findElementByXPath(RemoteWebDriver.java:428)
	at org.openqa.selenium.By$ByXPath.findElement(By.java:353)
	at org.openqa.selenium.remote.RemoteWebDriver.findElement(RemoteWebDriver.java:315)
	at jdk.internal.reflect.GeneratedMethodAccessor4.invoke(Unknown Source)
	at java.base/jdk.internal.reflect.DelegatingMethodAccessorImpl.invoke(DelegatingMethodAccessorImpl.java:43)
	at java.base/java.lang.reflect.Method.invoke(Method.java:566)
	at org.openqa.selenium.support.events.EventFiringWebDriver.lambda$new$1(EventFiringWebDriver.java:105)
	at com.sun.proxy.$Proxy8.findElement(Unknown Source)
	at org.openqa.selenium.support.events.EventFiringWebDriver.findElement(EventFiringWebDriver.java:194)
	at com.genie.qa.testcases.UserPageTest.CreateNewUser(UserPageTest.java:68)
</failure>
    <system-out>Before navigating to: &apos;https://use.estdev.cloud/login&apos;
Navigated to:&apos;https://use.estdev.cloud/login&apos;
Trying to find Element By : By.id: email
Found Element By : By.id: email
Trying to find Element By : By.id: password
Found Element By : By.id: password
Trying to find Element By : By.id: btnLogin
Found Element By : By.id: btnLogin
Trying to click on: [[ChromeDriver: chrome on WINDOWS (7d2ca7117f5f476c6324bcb2008cc7ef)] -&gt; id: btnLogin]
Clicked on: [[ChromeDriver: chrome on WINDOWS (7d2ca7117f5f476c6324bcb2008cc7ef)] -&gt; id: btnLogin]
Trying to find Element By : By.xpath: //body/div[@id=&apos;app&apos;]/div[1]/div[1]/div[1]/ul[1]/div[1]/li[7]/div[1]/a[1]
Found Element By : By.xpath: //body/div[@id=&apos;app&apos;]/div[1]/div[1]/div[1]/ul[1]/div[1]/li[7]/div[1]/a[1]
Trying to click on: [[ChromeDriver: chrome on WINDOWS (7d2ca7117f5f476c6324bcb2008cc7ef)] -&gt; xpath: //body/div[@id=&apos;app&apos;]/div[1]/div[1]/div[1]/ul[1]/div[1]/li[7]/div[1]/a[1]]
Clicked on: [[ChromeDriver: chrome on WINDOWS (7d2ca7117f5f476c6324bcb2008cc7ef)] -&gt; xpath: //body/div[@id=&apos;app&apos;]/div[1]/div[1]/div[1]/ul[1]/div[1]/li[7]/div[1]/a[1]]
Trying to find Element By : By.xpath: //a[text()=&apos;User &apos;]
Found Element By : By.xpath: //a[text()=&apos;User &apos;]
Trying to click on: [[ChromeDriver: chrome on WINDOWS (7d2ca7117f5f476c6324bcb2008cc7ef)] -&gt; xpath: //a[text()=&apos;User &apos;]]
Clicked on: [[ChromeDriver: chrome on WINDOWS (7d2ca7117f5f476c6324bcb2008cc7ef)] -&gt; xpath: //a[text()=&apos;User &apos;]]
Trying to find Element By : By.xpath: //button[@id=&apos;btnNewUser&apos;]
Found Element By : By.xpath: //button[@id=&apos;btnNewUser&apos;]
Trying to click on: [[ChromeDriver: chrome on WINDOWS (7d2ca7117f5f476c6324bcb2008cc7ef)] -&gt; xpath: //button[@id=&apos;btnNewUser&apos;]]
Clicked on: [[ChromeDriver: chrome on WINDOWS (7d2ca7117f5f476c6324bcb2008cc7ef)] -&gt; xpath: //button[@id=&apos;btnNewUser&apos;]]
Trying to find Element By : By.xpath: //input[@id=&apos;fname&apos;]
Found Element By : By.xpath: //input[@id=&apos;fname&apos;]
Trying to find Element By : By.xpath: //input[@id=&apos;lname&apos;]
Found Element By : By.xpath: //input[@id=&apos;lname&apos;]
Trying to find Element By : By.xpath: //input[@id=&apos;email&apos;]
Found Element By : By.xpath: //input[@id=&apos;email&apos;]
Trying to find Element By : By.xpath: //input[@id=&apos;phone_number&apos;]
Found Element By : By.xpath: //input[@id=&apos;phone_number&apos;]
Trying to find Element By : By.xpath: //select[@id=&apos;selectCompanyUser&apos;]
Found Element By : By.xpath: //select[@id=&apos;selectCompanyUser&apos;]
Trying to click on: [[ChromeDriver: chrome on WINDOWS (7d2ca7117f5f476c6324bcb2008cc7ef)] -&gt; xpath: //select[@id=&apos;selectCompanyUser&apos;]]
Clicked on: [[ChromeDriver: chrome on WINDOWS (7d2ca7117f5f476c6324bcb2008cc7ef)] -&gt; xpath: //select[@id=&apos;selectCompanyUser&apos;]]
Trying to find Element By : By.xpath: //select[@id=&apos;selectCompanyUser&apos;]//option[text()=&quot;Est&apos;s  Firm(test)&quot;]
Found Element By : By.xpath: //select[@id=&apos;selectCompanyUser&apos;]//option[text()=&quot;Est&apos;s  Firm(test)&quot;]
Trying to click on: [[ChromeDriver: chrome on WINDOWS (7d2ca7117f5f476c6324bcb2008cc7ef)] -&gt; xpath: //select[@id=&apos;selectCompanyUser&apos;]//option[text()=&quot;Est&apos;s  Firm(test)&quot;]]
Clicked on: [[ChromeDriver: chrome on WINDOWS (7d2ca7117f5f476c6324bcb2008cc7ef)] -&gt; xpath: //select[@id=&apos;selectCompanyUser&apos;]//option[text()=&quot;Est&apos;s  Firm(test)&quot;]]
Trying to find Element By : By.xpath: //label[contains(text(),&apos;Firm User&apos;)]
Found Element By : By.xpath: //label[contains(text(),&apos;Firm User&apos;)]
Trying to click on: [[ChromeDriver: chrome on WINDOWS (7d2ca7117f5f476c6324bcb2008cc7ef)] -&gt; xpath: //label[contains(text(),&apos;Firm User&apos;)]]
Clicked on: [[ChromeDriver: chrome on WINDOWS (7d2ca7117f5f476c6324bcb2008cc7ef)] -&gt; xpath: //label[contains(text(),&apos;Firm User&apos;)]]
Trying to find Element By : By.xpath: //button[@id=&apos;saveNewUserId&apos;]
Found Element By : By.xpath: //button[@id=&apos;saveNewUserId&apos;]
Trying to click on: [[ChromeDriver: chrome on WINDOWS (7d2ca7117f5f476c6324bcb2008cc7ef)] -&gt; xpath: //button[@id=&apos;saveNewUserId&apos;]]
Clicked on: [[ChromeDriver: chrome on WINDOWS (7d2ca7117f5f476c6324bcb2008cc7ef)] -&gt; xpath: //button[@id=&apos;saveNewUserId&apos;]]
Trying to find Element By : By.xpath: //b[contains(text(),&apos;Sreenika12&apos;)]
Exception occured: org.openqa.selenium.NoSuchElementException: no such element: Unable to locate element: {&quot;method&quot;:&quot;xpath&quot;,&quot;selector&quot;:&quot;//b[contains(text(),&apos;Sreenika12&apos;)]&quot;}
  (Session info: chrome=94.0.4606.61)
For documentation on this error, please visit: https://www.seleniumhq.org/exceptions/no_such_element.html
Build info: version: &apos;3.141.59&apos;, revision: &apos;e82be7d358&apos;, time: &apos;2018-11-14T08:17:03&apos;
System info: host: &apos;LAPTOP-0K684P64&apos;, ip: &apos;192.168.1.5&apos;, os.name: &apos;Windows 10&apos;, os.arch: &apos;amd64&apos;, os.version: &apos;10.0&apos;, java.version: &apos;11.0.10&apos;
Driver info: org.openqa.selenium.chrome.ChromeDriver
Capabilities {acceptInsecureCerts: false, browserName: chrome, browserVersion: 94.0.4606.61, chrome: {chromedriverVersion: 94.0.4606.61 (418b78f5838ed..., userDataDir: C:\Users\MUTHAR~1\AppData\L...}, goog:chromeOptions: {debuggerAddress: localhost:58071}, javascriptEnabled: true, networkConnectionEnabled: false, pageLoadStrategy: normal, platform: WINDOWS, platformName: WINDOWS, proxy: Proxy(), setWindowRect: true, strictFileInteractability: false, timeouts: {implicit: 0, pageLoad: 300000, script: 30000}, unhandledPromptBehavior: dismiss and notify, webauthn:extension:credBlob: true, webauthn:extension:largeBlob: true, webauthn:virtualAuthenticators: true}
Session ID: 7d2ca7117f5f476c6324bcb2008cc7ef
*** Element info: {Using=xpath, value=//b[contains(text(),&apos;Sreenika12&apos;)]}
</system-out>
    <system-err>Starting ChromeDriver 94.0.4606.61 (418b78f5838ed0b1c69bb4e51ea0252171854915-refs/branch-heads/4606@{#1204}) on port 27579
Only local connections are allowed.
Please see https://chromedriver.chromium.org/security-considerations for suggestions on keeping ChromeDriver safe.
ChromeDriver was started successfully.
Sep 29, 2021 2:19:08 PM org.openqa.selenium.remote.ProtocolHandshake createSession
INFO: Detected dialect: W3C
</system-err>
  </testcase>
  <testcase classname="com.genie.qa.testcases.LoginPageTest" name="LoginTest" time="2.141"/>
  <testcase classname="com.genie.qa.testcases.LoginPageTest" name="LoginPageTitletest" time="0.067"/>
</testsuite>