<!DOCTYPE html>

<html>
  <head>
  <meta charset='utf-8'>
  <title>TestNG reports</title>

    <link type="text/css" href="testng-reports1.css" rel="stylesheet" id="ultra" />
    <link type="text/css" href="testng-reports.css" rel="stylesheet" id="retro" disabled="false"/>
    <script type="text/javascript" src="jquery.min.js"></script>
    <script type="text/javascript" src="testng-reports.js"></script>
    <script type="text/javascript" src="https://www.google.com/jsapi"></script>
    <script type='text/javascript'>
      google.load('visualization', '1', {packages:['table']});
      google.setOnLoadCallback(drawTable);
      var suiteTableInitFunctions = new Array();
      var suiteTableData = new Array();
    </script>
    <!--
      <script type="text/javascript" src="jquery-ui/js/jquery-ui-1.8.16.custom.min.js"></script>
     -->
  </head>

  <body>
    <div class="top-banner-root">
      <span class="top-banner-title-font">Test results</span>
      <button id="button" class="button">Switch Retro Theme</button> <!-- button -->
      <br/>
      <span class="top-banner-font-1">1 suite, 3 failed tests</span>
    </div> <!-- top-banner-root -->
    <div class="navigator-root">
      <div class="navigator-suite-header">
        <span>All suites</span>
        <a href="#" title="Collapse/expand all the suites" class="collapse-all-link">
          <img src="collapseall.gif" class="collapse-all-icon">
          </img> <!-- collapse-all-icon -->
        </a> <!-- collapse-all-link -->
      </div> <!-- navigator-suite-header -->
      <div class="suite">
        <div class="rounded-window">
          <div class="suite-header light-rounded-window-top">
            <a href="#" panel-name="suite-Genie_Dev_Application_Test_Automation_Test_Suite" class="navigator-link">
              <span class="suite-name border-failed">Genie Dev Application Test Automation Test Suite</span>
            </a> <!-- navigator-link -->
          </div> <!-- suite-header light-rounded-window-top -->
          <div class="navigator-suite-content">
            <div class="suite-section-title">
              <span>Info</span>
            </div> <!-- suite-section-title -->
            <div class="suite-section-content">
              <ul>
                <li>
                  <a href="#" panel-name="test-xml-Genie_Dev_Application_Test_Automation_Test_Suite" class="navigator-link ">
                    <span>C:\Users\Mutharasan\eclipse-workspace\GenieTestDev\src\main\resources\TestNG.xml</span>
                  </a> <!-- navigator-link  -->
                </li>
                <li>
                  <a href="#" panel-name="testlist-Genie_Dev_Application_Test_Automation_Test_Suite" class="navigator-link ">
                    <span class="test-stats">1 test</span>
                  </a> <!-- navigator-link  -->
                </li>
                <li>
                  <a href="#" panel-name="group-Genie_Dev_Application_Test_Automation_Test_Suite" class="navigator-link ">
                    <span>0 groups</span>
                  </a> <!-- navigator-link  -->
                </li>
                <li>
                  <a href="#" panel-name="times-Genie_Dev_Application_Test_Automation_Test_Suite" class="navigator-link ">
                    <span>Times</span>
                  </a> <!-- navigator-link  -->
                </li>
                <li>
                  <a href="#" panel-name="reporter-Genie_Dev_Application_Test_Automation_Test_Suite" class="navigator-link ">
                    <span>Reporter output</span>
                  </a> <!-- navigator-link  -->
                </li>
                <li>
                  <a href="#" panel-name="ignored-methods-Genie_Dev_Application_Test_Automation_Test_Suite" class="navigator-link ">
                    <span>Ignored methods</span>
                  </a> <!-- navigator-link  -->
                </li>
                <li>
                  <a href="#" panel-name="chronological-Genie_Dev_Application_Test_Automation_Test_Suite" class="navigator-link ">
                    <span>Chronological view</span>
                  </a> <!-- navigator-link  -->
                </li>
              </ul>
            </div> <!-- suite-section-content -->
            <div class="result-section">
              <div class="suite-section-title">
                <span>Results</span>
              </div> <!-- suite-section-title -->
              <div class="suite-section-content">
                <ul>
                  <li>
                    <span class="method-stats">7 methods, 3 failed,   4 passed</span>
                  </li>
                  <li>
                    <span class="method-list-title failed">Failed methods</span>
                    <span class="show-or-hide-methods failed">
                      <a href="#" panel-name="suite-Genie_Dev_Application_Test_Automation_Test_Suite" class="hide-methods failed suite-Genie_Dev_Application_Test_Automation_Test_Suite"> (hide)</a> <!-- hide-methods failed suite-Genie_Dev_Application_Test_Automation_Test_Suite -->
                      <a href="#" panel-name="suite-Genie_Dev_Application_Test_Automation_Test_Suite" class="show-methods failed suite-Genie_Dev_Application_Test_Automation_Test_Suite"> (show)</a> <!-- show-methods failed suite-Genie_Dev_Application_Test_Automation_Test_Suite -->
                    </span>
                    <div class="method-list-content failed suite-Genie_Dev_Application_Test_Automation_Test_Suite">
                      <span>
                        <img src="failed.png" width="3%"/>
                        <a href="#" panel-name="suite-Genie_Dev_Application_Test_Automation_Test_Suite" title="com.genie.qa.testcases.UserPageTest" class="method navigator-link" hash-for-method="CreateNewUser(Samiksha12, M, Samiksha1@mailinator.com, 3.939494949E9, Est&#039;s  Firm(test), EndClientUser)">CreateNewUser(Samiksha12, M, Samiksha1@mailinator.com, 3.939494949E9, Est's  Firm(test), EndClientUser)</a> <!-- method navigator-link -->
                      </span>
                      <br/>
                      <span>
                        <img src="failed.png" width="3%"/>
                        <a href="#" panel-name="suite-Genie_Dev_Application_Test_Automation_Test_Suite" title="com.genie.qa.testcases.UserPageTest" class="method navigator-link" hash-for-method="CreateNewUser(Sreenika12, M, Sreenika1@mailinator.com, 3.484848484E9, Est&#039;s  Firm(test), FirmUser)">CreateNewUser(Sreenika12, M, Sreenika1@mailinator.com, 3.484848484E9, Est's  Firm(test), FirmUser)</a> <!-- method navigator-link -->
                      </span>
                      <br/>
                      <span>
                        <img src="failed.png" width="3%"/>
                        <a href="#" panel-name="suite-Genie_Dev_Application_Test_Automation_Test_Suite" title="com.genie.qa.testcases.HomePageTest" class="method navigator-link" hash-for-method="ValidateHomePageTitle">ValidateHomePageTitle</a> <!-- method navigator-link -->
                      </span>
                      <br/>
                    </div> <!-- method-list-content failed suite-Genie_Dev_Application_Test_Automation_Test_Suite -->
                  </li>
                  <li>
                    <span class="method-list-title passed">Passed methods</span>
                    <span class="show-or-hide-methods passed">
                      <a href="#" panel-name="suite-Genie_Dev_Application_Test_Automation_Test_Suite" class="hide-methods passed suite-Genie_Dev_Application_Test_Automation_Test_Suite"> (hide)</a> <!-- hide-methods passed suite-Genie_Dev_Application_Test_Automation_Test_Suite -->
                      <a href="#" panel-name="suite-Genie_Dev_Application_Test_Automation_Test_Suite" class="show-methods passed suite-Genie_Dev_Application_Test_Automation_Test_Suite"> (show)</a> <!-- show-methods passed suite-Genie_Dev_Application_Test_Automation_Test_Suite -->
                    </span>
                    <div class="method-list-content passed suite-Genie_Dev_Application_Test_Automation_Test_Suite">
                      <span>
                        <img src="passed.png" width="3%"/>
                        <a href="#" panel-name="suite-Genie_Dev_Application_Test_Automation_Test_Suite" title="com.genie.qa.testcases.HomePageTest" class="method navigator-link" hash-for-method="ClickOnUserLink">ClickOnUserLink</a> <!-- method navigator-link -->
                      </span>
                      <br/>
                      <span>
                        <img src="passed.png" width="3%"/>
                        <a href="#" panel-name="suite-Genie_Dev_Application_Test_Automation_Test_Suite" title="com.genie.qa.testcases.LoginPageTest" class="method navigator-link" hash-for-method="LoginPageTitletest">LoginPageTitletest</a> <!-- method navigator-link -->
                      </span>
                      <br/>
                      <span>
                        <img src="passed.png" width="3%"/>
                        <a href="#" panel-name="suite-Genie_Dev_Application_Test_Automation_Test_Suite" title="com.genie.qa.testcases.LoginPageTest" class="method navigator-link" hash-for-method="LoginTest">LoginTest</a> <!-- method navigator-link -->
                      </span>
                      <br/>
                      <span>
                        <img src="passed.png" width="3%"/>
                        <a href="#" panel-name="suite-Genie_Dev_Application_Test_Automation_Test_Suite" title="com.genie.qa.testcases.HomePageTest" class="method navigator-link" hash-for-method="ValidateLoggedUser">ValidateLoggedUser</a> <!-- method navigator-link -->
                      </span>
                      <br/>
                    </div> <!-- method-list-content passed suite-Genie_Dev_Application_Test_Automation_Test_Suite -->
                  </li>
                </ul>
              </div> <!-- suite-section-content -->
            </div> <!-- result-section -->
          </div> <!-- navigator-suite-content -->
        </div> <!-- rounded-window -->
      </div> <!-- suite -->
    </div> <!-- navigator-root -->
    <div class="wrapper">
      <div class="main-panel-root">
        <div panel-name="suite-Genie_Dev_Application_Test_Automation_Test_Suite" class="panel Genie_Dev_Application_Test_Automation_Test_Suite">
          <div class="suite-Genie_Dev_Application_Test_Automation_Test_Suite-class-failed">
            <div class="main-panel-header rounded-window-top">
              <img src="failed.png"/>
              <span class="class-name">com.genie.qa.testcases.HomePageTest</span>
            </div> <!-- main-panel-header rounded-window-top -->
            <div class="main-panel-content rounded-window-bottom">
              <div class="method">
                <div class="method-content">
                  <a name="ValidateHomePageTitle">
                  </a> <!-- ValidateHomePageTitle -->
                  <span class="method-name">ValidateHomePageTitle</span>
                  <div class="stack-trace">java.lang.AssertionError: Title Mismatch expected [Home - Genie] but found [Genie]
	at com.genie.qa.testcases.HomePageTest.ValidateHomePageTitle(HomePageTest.java:39)
	at java.base/java.util.ArrayList.forEach(ArrayList.java:1511)
... Removed 32 stack frames
</div> <!-- stack-trace -->
                </div> <!-- method-content -->
              </div> <!-- method -->
            </div> <!-- main-panel-content rounded-window-bottom -->
          </div> <!-- suite-Genie_Dev_Application_Test_Automation_Test_Suite-class-failed -->
          <div class="suite-Genie_Dev_Application_Test_Automation_Test_Suite-class-failed">
            <div class="main-panel-header rounded-window-top">
              <img src="failed.png"/>
              <span class="class-name">com.genie.qa.testcases.UserPageTest</span>
            </div> <!-- main-panel-header rounded-window-top -->
            <div class="main-panel-content rounded-window-bottom">
              <div class="method">
                <div class="method-content">
                  <a name="CreateNewUser(Samiksha12, M, Samiksha1@mailinator.com, 3.939494949E9, Est&#039;s  Firm(test), EndClientUser)">
                  </a> <!-- CreateNewUser(Samiksha12, M, Samiksha1@mailinator.com, 3.939494949E9, Est's  Firm(test), EndClientUser) -->
                  <span class="method-name">CreateNewUser</span>
                  <span class="parameters">(Samiksha12, M, Samiksha1@mailinator.com, 3.939494949E9, Est's  Firm(test), EndClientUser)</span>
                  <div class="stack-trace">org.openqa.selenium.NoSuchElementException: no such element: Unable to locate element: {&quot;method&quot;:&quot;xpath&quot;,&quot;selector&quot;:&quot;//b[contains(text(),&apos;Samiksha12&apos;)]&quot;}
  (Session info: chrome=94.0.4606.61)
For documentation on this error, please visit: https://www.seleniumhq.org/exceptions/no_such_element.html
Build info: version: &apos;3.141.59&apos;, revision: &apos;e82be7d358&apos;, time: &apos;2018-11-14T08:17:03&apos;
System info: host: &apos;LAPTOP-0K684P64&apos;, ip: &apos;192.168.1.5&apos;, os.name: &apos;Windows 10&apos;, os.arch: &apos;amd64&apos;, os.version: &apos;10.0&apos;, java.version: &apos;16.0.1&apos;
Driver info: org.openqa.selenium.chrome.ChromeDriver
Capabilities {acceptInsecureCerts: false, browserName: chrome, browserVersion: 94.0.4606.61, chrome: {chromedriverVersion: 94.0.4606.61 (418b78f5838ed..., userDataDir: C:\Users\MUTHAR~1\AppData\L...}, goog:chromeOptions: {debuggerAddress: localhost:49731}, javascriptEnabled: true, networkConnectionEnabled: false, pageLoadStrategy: normal, platform: WINDOWS, platformName: WINDOWS, proxy: Proxy(), setWindowRect: true, strictFileInteractability: false, timeouts: {implicit: 0, pageLoad: 300000, script: 30000}, unhandledPromptBehavior: dismiss and notify, webauthn:extension:credBlob: true, webauthn:extension:largeBlob: true, webauthn:virtualAuthenticators: true}
Session ID: bf6b0016a2cc26ec2a92265faf8307e0
*** Element info: {Using=xpath, value=//b[contains(text(),&apos;Samiksha12&apos;)]}
	at org.openqa.selenium.remote.http.W3CHttpResponseCodec.createException(W3CHttpResponseCodec.java:187)
	at org.openqa.selenium.remote.http.W3CHttpResponseCodec.decode(W3CHttpResponseCodec.java:122)
	at org.openqa.selenium.remote.http.W3CHttpResponseCodec.decode(W3CHttpResponseCodec.java:49)
	at org.openqa.selenium.remote.HttpCommandExecutor.execute(HttpCommandExecutor.java:158)
	at org.openqa.selenium.remote.service.DriverCommandExecutor.execute(DriverCommandExecutor.java:83)
	at org.openqa.selenium.remote.RemoteWebDriver.execute(RemoteWebDriver.java:552)
	at org.openqa.selenium.remote.RemoteWebDriver.findElement(RemoteWebDriver.java:323)
	at org.openqa.selenium.remote.RemoteWebDriver.findElementByXPath(RemoteWebDriver.java:428)
	at org.openqa.selenium.By$ByXPath.findElement(By.java:353)
	at org.openqa.selenium.remote.RemoteWebDriver.findElement(RemoteWebDriver.java:315)
	at org.openqa.selenium.support.events.EventFiringWebDriver.lambda$new$1(EventFiringWebDriver.java:105)
	at jdk.proxy2/jdk.proxy2.$Proxy11.findElement(Unknown Source)
	at org.openqa.selenium.support.events.EventFiringWebDriver.findElement(EventFiringWebDriver.java:194)
	at com.genie.qa.testcases.UserPageTest.CreateNewUser(UserPageTest.java:68)
	at java.base/java.util.ArrayList.forEach(ArrayList.java:1511)
... Removed 35 stack frames
</div> <!-- stack-trace -->
                </div> <!-- method-content -->
              </div> <!-- method -->
              <div class="method">
                <div class="method-content">
                  <a name="CreateNewUser(Sreenika12, M, Sreenika1@mailinator.com, 3.484848484E9, Est&#039;s  Firm(test), FirmUser)">
                  </a> <!-- CreateNewUser(Sreenika12, M, Sreenika1@mailinator.com, 3.484848484E9, Est's  Firm(test), FirmUser) -->
                  <span class="method-name">CreateNewUser</span>
                  <span class="parameters">(Sreenika12, M, Sreenika1@mailinator.com, 3.484848484E9, Est's  Firm(test), FirmUser)</span>
                  <div class="stack-trace">org.openqa.selenium.NoSuchElementException: no such element: Unable to locate element: {&quot;method&quot;:&quot;xpath&quot;,&quot;selector&quot;:&quot;//b[contains(text(),&apos;Sreenika12&apos;)]&quot;}
  (Session info: chrome=94.0.4606.61)
For documentation on this error, please visit: https://www.seleniumhq.org/exceptions/no_such_element.html
Build info: version: &apos;3.141.59&apos;, revision: &apos;e82be7d358&apos;, time: &apos;2018-11-14T08:17:03&apos;
System info: host: &apos;LAPTOP-0K684P64&apos;, ip: &apos;192.168.1.5&apos;, os.name: &apos;Windows 10&apos;, os.arch: &apos;amd64&apos;, os.version: &apos;10.0&apos;, java.version: &apos;16.0.1&apos;
Driver info: org.openqa.selenium.chrome.ChromeDriver
Capabilities {acceptInsecureCerts: false, browserName: chrome, browserVersion: 94.0.4606.61, chrome: {chromedriverVersion: 94.0.4606.61 (418b78f5838ed..., userDataDir: C:\Users\MUTHAR~1\AppData\L...}, goog:chromeOptions: {debuggerAddress: localhost:59959}, javascriptEnabled: true, networkConnectionEnabled: false, pageLoadStrategy: normal, platform: WINDOWS, platformName: WINDOWS, proxy: Proxy(), setWindowRect: true, strictFileInteractability: false, timeouts: {implicit: 0, pageLoad: 300000, script: 30000}, unhandledPromptBehavior: dismiss and notify, webauthn:extension:credBlob: true, webauthn:extension:largeBlob: true, webauthn:virtualAuthenticators: true}
Session ID: a9fa71de58f3b08613c123c62ba5d593
*** Element info: {Using=xpath, value=//b[contains(text(),&apos;Sreenika12&apos;)]}
	at org.openqa.selenium.remote.http.W3CHttpResponseCodec.createException(W3CHttpResponseCodec.java:187)
	at org.openqa.selenium.remote.http.W3CHttpResponseCodec.decode(W3CHttpResponseCodec.java:122)
	at org.openqa.selenium.remote.http.W3CHttpResponseCodec.decode(W3CHttpResponseCodec.java:49)
	at org.openqa.selenium.remote.HttpCommandExecutor.execute(HttpCommandExecutor.java:158)
	at org.openqa.selenium.remote.service.DriverCommandExecutor.execute(DriverCommandExecutor.java:83)
	at org.openqa.selenium.remote.RemoteWebDriver.execute(RemoteWebDriver.java:552)
	at org.openqa.selenium.remote.RemoteWebDriver.findElement(RemoteWebDriver.java:323)
	at org.openqa.selenium.remote.RemoteWebDriver.findElementByXPath(RemoteWebDriver.java:428)
	at org.openqa.selenium.By$ByXPath.findElement(By.java:353)
	at org.openqa.selenium.remote.RemoteWebDriver.findElement(RemoteWebDriver.java:315)
	at org.openqa.selenium.support.events.EventFiringWebDriver.lambda$new$1(EventFiringWebDriver.java:105)
	at jdk.proxy2/jdk.proxy2.$Proxy11.findElement(Unknown Source)
	at org.openqa.selenium.support.events.EventFiringWebDriver.findElement(EventFiringWebDriver.java:194)
	at com.genie.qa.testcases.UserPageTest.CreateNewUser(UserPageTest.java:68)
	at java.base/java.util.ArrayList.forEach(ArrayList.java:1511)
... Removed 35 stack frames
</div> <!-- stack-trace -->
                </div> <!-- method-content -->
              </div> <!-- method -->
            </div> <!-- main-panel-content rounded-window-bottom -->
          </div> <!-- suite-Genie_Dev_Application_Test_Automation_Test_Suite-class-failed -->
          <div class="suite-Genie_Dev_Application_Test_Automation_Test_Suite-class-passed">
            <div class="main-panel-header rounded-window-top">
              <img src="passed.png"/>
              <span class="class-name">com.genie.qa.testcases.HomePageTest</span>
            </div> <!-- main-panel-header rounded-window-top -->
            <div class="main-panel-content rounded-window-bottom">
              <div class="method">
                <div class="method-content">
                  <a name="ClickOnUserLink">
                  </a> <!-- ClickOnUserLink -->
                  <span class="method-name">ClickOnUserLink</span>
                </div> <!-- method-content -->
              </div> <!-- method -->
              <div class="method">
                <div class="method-content">
                  <a name="ValidateLoggedUser">
                  </a> <!-- ValidateLoggedUser -->
                  <span class="method-name">ValidateLoggedUser</span>
                </div> <!-- method-content -->
              </div> <!-- method -->
            </div> <!-- main-panel-content rounded-window-bottom -->
          </div> <!-- suite-Genie_Dev_Application_Test_Automation_Test_Suite-class-passed -->
          <div class="suite-Genie_Dev_Application_Test_Automation_Test_Suite-class-passed">
            <div class="main-panel-header rounded-window-top">
              <img src="passed.png"/>
              <span class="class-name">com.genie.qa.testcases.LoginPageTest</span>
            </div> <!-- main-panel-header rounded-window-top -->
            <div class="main-panel-content rounded-window-bottom">
              <div class="method">
                <div class="method-content">
                  <a name="LoginPageTitletest">
                  </a> <!-- LoginPageTitletest -->
                  <span class="method-name">LoginPageTitletest</span>
                </div> <!-- method-content -->
              </div> <!-- method -->
              <div class="method">
                <div class="method-content">
                  <a name="LoginTest">
                  </a> <!-- LoginTest -->
                  <span class="method-name">LoginTest</span>
                </div> <!-- method-content -->
              </div> <!-- method -->
            </div> <!-- main-panel-content rounded-window-bottom -->
          </div> <!-- suite-Genie_Dev_Application_Test_Automation_Test_Suite-class-passed -->
        </div> <!-- panel Genie_Dev_Application_Test_Automation_Test_Suite -->
        <div panel-name="test-xml-Genie_Dev_Application_Test_Automation_Test_Suite" class="panel">
          <div class="main-panel-header rounded-window-top">
            <span class="header-content">C:\Users\Mutharasan\eclipse-workspace\GenieTestDev\src\main\resources\TestNG.xml</span>
          </div> <!-- main-panel-header rounded-window-top -->
          <div class="main-panel-content rounded-window-bottom">
            <pre>
&lt;?xml version=&quot;1.0&quot; encoding=&quot;UTF-8&quot;?&gt;
&lt;!DOCTYPE suite SYSTEM &quot;https://testng.org/testng-1.0.dtd&quot;&gt;
&lt;suite name=&quot;Genie Dev Application Test Automation Test Suite&quot; guice-stage=&quot;DEVELOPMENT&quot;&gt;
  &lt;listeners&gt;
    &lt;listener class-name=&quot;com.qa.ExtentReportListener.ExtentReporterNG&quot;/&gt;
  &lt;/listeners&gt;
  &lt;test thread-count=&quot;5&quot; name=&quot;Genie Test Cases&quot;&gt;
    &lt;classes&gt;
      &lt;class name=&quot;com.genie.qa.testcases.LoginPageTest&quot;/&gt;
      &lt;class name=&quot;com.genie.qa.testcases.HomePageTest&quot;/&gt;
      &lt;class name=&quot;com.genie.qa.testcases.UserPageTest&quot;/&gt;
    &lt;/classes&gt;
  &lt;/test&gt; &lt;!-- Genie Test Cases --&gt;
&lt;/suite&gt; &lt;!-- Genie Dev Application Test Automation Test Suite --&gt;
            </pre>
          </div> <!-- main-panel-content rounded-window-bottom -->
        </div> <!-- panel -->
        <div panel-name="testlist-Genie_Dev_Application_Test_Automation_Test_Suite" class="panel">
          <div class="main-panel-header rounded-window-top">
            <span class="header-content">Tests for Genie Dev Application Test Automation Test Suite</span>
          </div> <!-- main-panel-header rounded-window-top -->
          <div class="main-panel-content rounded-window-bottom">
            <ul>
              <li>
                <span class="test-name">Genie Test Cases (3 classes)</span>
              </li>
            </ul>
          </div> <!-- main-panel-content rounded-window-bottom -->
        </div> <!-- panel -->
        <div panel-name="group-Genie_Dev_Application_Test_Automation_Test_Suite" class="panel">
          <div class="main-panel-header rounded-window-top">
            <span class="header-content">Groups for Genie Dev Application Test Automation Test Suite</span>
          </div> <!-- main-panel-header rounded-window-top -->
          <div class="main-panel-content rounded-window-bottom">
          </div> <!-- main-panel-content rounded-window-bottom -->
        </div> <!-- panel -->
        <div panel-name="times-Genie_Dev_Application_Test_Automation_Test_Suite" class="panel">
          <div class="main-panel-header rounded-window-top">
            <span class="header-content">Times for Genie Dev Application Test Automation Test Suite</span>
          </div> <!-- main-panel-header rounded-window-top -->
          <div class="main-panel-content rounded-window-bottom">
            <div class="times-div">
              <script type="text/javascript">
suiteTableInitFunctions.push('tableData_Genie_Dev_Application_Test_Automation_Test_Suite');
function tableData_Genie_Dev_Application_Test_Automation_Test_Suite() {
var data = new google.visualization.DataTable();
data.addColumn('number', 'Number');
data.addColumn('string', 'Method');
data.addColumn('string', 'Class');
data.addColumn('number', 'Time (ms)');
data.addRows(7);
data.setCell(0, 0, 0)
data.setCell(0, 1, 'CreateNewUser')
data.setCell(0, 2, 'com.genie.qa.testcases.UserPageTest')
data.setCell(0, 3, 29360);
data.setCell(1, 0, 1)
data.setCell(1, 1, 'CreateNewUser')
data.setCell(1, 2, 'com.genie.qa.testcases.UserPageTest')
data.setCell(1, 3, 28290);
data.setCell(2, 0, 2)
data.setCell(2, 1, 'ClickOnUserLink')
data.setCell(2, 2, 'com.genie.qa.testcases.HomePageTest')
data.setCell(2, 3, 12440);
data.setCell(3, 0, 3)
data.setCell(3, 1, 'LoginTest')
data.setCell(3, 2, 'com.genie.qa.testcases.LoginPageTest')
data.setCell(3, 3, 2753);
data.setCell(4, 0, 4)
data.setCell(4, 1, 'ValidateLoggedUser')
data.setCell(4, 2, 'com.genie.qa.testcases.HomePageTest')
data.setCell(4, 3, 113);
data.setCell(5, 0, 5)
data.setCell(5, 1, 'ValidateHomePageTitle')
data.setCell(5, 2, 'com.genie.qa.testcases.HomePageTest')
data.setCell(5, 3, 17);
data.setCell(6, 0, 6)
data.setCell(6, 1, 'LoginPageTitletest')
data.setCell(6, 2, 'com.genie.qa.testcases.LoginPageTest')
data.setCell(6, 3, 15);
window.suiteTableData['Genie_Dev_Application_Test_Automation_Test_Suite']= { tableData: data, tableDiv: 'times-div-Genie_Dev_Application_Test_Automation_Test_Suite'}
return data;
}
              </script>
              <span class="suite-total-time">Total running time: 1 minutes</span>
              <div id="times-div-Genie_Dev_Application_Test_Automation_Test_Suite">
              </div> <!-- times-div-Genie_Dev_Application_Test_Automation_Test_Suite -->
            </div> <!-- times-div -->
          </div> <!-- main-panel-content rounded-window-bottom -->
        </div> <!-- panel -->
        <div panel-name="reporter-Genie_Dev_Application_Test_Automation_Test_Suite" class="panel">
          <div class="main-panel-header rounded-window-top">
            <span class="header-content">Reporter output for Genie Dev Application Test Automation Test Suite</span>
          </div> <!-- main-panel-header rounded-window-top -->
          <div class="main-panel-content rounded-window-bottom">
          </div> <!-- main-panel-content rounded-window-bottom -->
        </div> <!-- panel -->
        <div panel-name="ignored-methods-Genie_Dev_Application_Test_Automation_Test_Suite" class="panel">
          <div class="main-panel-header rounded-window-top">
            <span class="header-content">0 ignored methods</span>
          </div> <!-- main-panel-header rounded-window-top -->
          <div class="main-panel-content rounded-window-bottom">
          </div> <!-- main-panel-content rounded-window-bottom -->
        </div> <!-- panel -->
        <div panel-name="chronological-Genie_Dev_Application_Test_Automation_Test_Suite" class="panel">
          <div class="main-panel-header rounded-window-top">
            <span class="header-content">Methods in chronological order</span>
          </div> <!-- main-panel-header rounded-window-top -->
          <div class="main-panel-content rounded-window-bottom">
            <div class="chronological-class">
              <div class="chronological-class-name">com.genie.qa.testcases.LoginPageTest</div> <!-- chronological-class-name -->
              <div class="configuration-method before">
                <span class="method-name">SetUp</span>
                <span class="method-start">0 ms</span>
              </div> <!-- configuration-method before -->
              <div class="test-method">
                <span class="method-name">LoginTest</span>
                <span class="method-start">4356 ms</span>
              </div> <!-- test-method -->
              <div class="configuration-method after">
                <span class="method-name">TearDown</span>
                <span class="method-start">7115 ms</span>
              </div> <!-- configuration-method after -->
              <div class="configuration-method before">
                <span class="method-name">SetUp</span>
                <span class="method-start">7376 ms</span>
              </div> <!-- configuration-method before -->
              <div class="test-method">
                <span class="method-name">LoginPageTitletest</span>
                <span class="method-start">9617 ms</span>
              </div> <!-- test-method -->
              <div class="configuration-method after">
                <span class="method-name">TearDown</span>
                <span class="method-start">9634 ms</span>
              </div> <!-- configuration-method after -->
            </div> <!-- chronological-class -->
            <div class="chronological-class">
              <div class="chronological-class-name">com.genie.qa.testcases.HomePageTest</div> <!-- chronological-class-name -->
              <div class="configuration-method before">
                <span class="method-name">SetUp</span>
                <span class="method-start">9829 ms</span>
              </div> <!-- configuration-method before -->
              <div class="test-method">
                <span class="method-name">ClickOnUserLink</span>
                <span class="method-start">19850 ms</span>
              </div> <!-- test-method -->
              <div class="configuration-method after">
                <span class="method-name">TearDown</span>
                <span class="method-start">32292 ms</span>
              </div> <!-- configuration-method after -->
              <div class="configuration-method before">
                <span class="method-name">SetUp</span>
                <span class="method-start">32563 ms</span>
              </div> <!-- configuration-method before -->
              <div class="test-method">
                <img src="failed.png">
                </img>
                <span class="method-name">ValidateHomePageTitle</span>
                <span class="method-start">41463 ms</span>
              </div> <!-- test-method -->
              <div class="configuration-method after">
                <span class="method-name">TearDown</span>
                <span class="method-start">41484 ms</span>
              </div> <!-- configuration-method after -->
              <div class="configuration-method before">
                <span class="method-name">SetUp</span>
                <span class="method-start">41739 ms</span>
              </div> <!-- configuration-method before -->
              <div class="test-method">
                <span class="method-name">ValidateLoggedUser</span>
                <span class="method-start">51233 ms</span>
              </div> <!-- test-method -->
              <div class="configuration-method after">
                <span class="method-name">TearDown</span>
                <span class="method-start">51348 ms</span>
              </div> <!-- configuration-method after -->
            </div> <!-- chronological-class -->
            <div class="chronological-class">
              <div class="chronological-class-name">com.genie.qa.testcases.UserPageTest</div> <!-- chronological-class-name -->
              <div class="configuration-method before">
                <span class="method-name">SetUp</span>
                <span class="method-start">53253 ms</span>
              </div> <!-- configuration-method before -->
              <div class="test-method">
                <img src="failed.png">
                </img>
                <span class="method-name">CreateNewUser(Samiksha12, M, Samiksha1@mailinator.com, 3.939494949E9, Est's  Firm(test), EndClientUser)</span>
                <span class="method-start">57981 ms</span>
              </div> <!-- test-method -->
              <div class="configuration-method after">
                <span class="method-name">TearDown</span>
                <span class="method-start">86280 ms</span>
              </div> <!-- configuration-method after -->
              <div class="configuration-method before">
                <span class="method-name">SetUp</span>
                <span class="method-start">86584 ms</span>
              </div> <!-- configuration-method before -->
              <div class="test-method">
                <img src="failed.png">
                </img>
                <span class="method-name">CreateNewUser(Sreenika12, M, Sreenika1@mailinator.com, 3.484848484E9, Est's  Firm(test), FirmUser)</span>
                <span class="method-start">93567 ms</span>
              </div> <!-- test-method -->
              <div class="configuration-method after">
                <span class="method-name">TearDown</span>
                <span class="method-start">122931 ms</span>
              </div> <!-- configuration-method after -->
          </div> <!-- main-panel-content rounded-window-bottom -->
        </div> <!-- panel -->
      </div> <!-- main-panel-root -->
    </div> <!-- wrapper -->
  </body>
<script type="text/javascript" src="testng-reports2.js"></script>
</html>
